<?xml version="1.0" encoding="UTF-8"?>
<!-- Generated by org.testng.reporters.JUnitReportReporter -->
<testsuite hostname="LTIN519053" failures="0" tests="2" name="testCases.TC_02" time="2.367" errors="0" timestamp="2024-04-09T11:03:31 IST" skipped="0">
  <testcase classname="testCases.TC_02" name="checkSurgiersPageOpened" time="1.818"/>
  <testcase classname="testCases.TC_02" name="printSurgeries" time="0.549"/>
</testsuite> <!-- testCases.TC_02 -->
