<?xml version="1.0" encoding="UTF-8"?>
<!-- Generated by org.testng.reporters.JUnitReportReporter -->
<testsuite hostname="LTIN519053" failures="0" tests="1" name="testCases.TC_05" time="26.495" errors="0" timestamp="2024-04-09T11:03:31 IST" skipped="0">
  <testcase classname="testCases.TC_05" name="endToEnd" time="26.495"/>
</testsuite> <!-- testCases.TC_05 -->
