<?xml version="1.0" encoding="UTF-8"?>
<!-- Generated by org.testng.reporters.JUnitReportReporter -->
<testsuite hostname="LTIN519053" failures="0" tests="2" name="testCases.TC_03" time="6.610" errors="0" timestamp="2024-04-09T11:03:31 IST" skipped="0">
  <testcase classname="testCases.TC_03" name="checkDemoPageOpened" time="5.809"/>
  <testcase classname="testCases.TC_03" name="validateForm_Invalid_Detials" time="0.801"/>
</testsuite> <!-- testCases.TC_03 -->
