<?xml version="1.0" encoding="UTF-8"?>
<!-- Generated by org.testng.reporters.JUnitReportReporter -->
<testsuite hostname="LTIN519053" failures="0" tests="4" name="testCases.TC_01" time="20.375" errors="0" timestamp="2024-04-09T11:03:31 IST" skipped="0">
  <testcase classname="testCases.TC_01" name="checkSpecialist" time="0.202"/>
  <testcase classname="testCases.TC_01" name="checkLocations" time="6.534"/>
  <testcase classname="testCases.TC_01" name="checkUrl" time="0.306"/>
  <testcase classname="testCases.TC_01" name="checkDoctorDetials" time="13.333"/>
</testsuite> <!-- testCases.TC_01 -->
