<?xml version="1.0" encoding="UTF-8"?>
<!-- Generated by org.testng.reporters.JUnitReportReporter -->
<testsuite hostname="LTIN519053" failures="0" tests="2" name="testCases.TC_04" time="6.980" errors="0" timestamp="2024-04-09T11:03:31 IST" skipped="0">
  <testcase classname="testCases.TC_04" name="checkDemoPageOpened" time="5.774"/>
  <testcase classname="testCases.TC_04" name="validateForm_Valid_Detials" time="1.206"/>
</testsuite> <!-- testCases.TC_04 -->
