<?xml version="1.0" encoding="UTF-8"?>
<!-- Generated by org.testng.reporters.JUnitReportReporter -->
<testsuite hostname="LTIN519053" failures="0" tests="2" name="testCases.TC_04" time="80.043" errors="0" timestamp="2024-04-08T15:06:52 IST" skipped="0">
  <testcase classname="testCases.TC_04" name="checkDemoPageOpened" time="43.721"/>
  <testcase classname="testCases.TC_04" name="validateForm_Valid_Detials" time="36.322"/>
</testsuite> <!-- testCases.TC_04 -->
