<?xml version="1.0" encoding="UTF-8"?>
<!-- Generated by org.testng.reporters.JUnitReportReporter -->
<testsuite hostname="LTIN519053" failures="0" tests="2" name="testCases.TC_03" time="44.568" errors="0" timestamp="2024-04-08T15:06:52 IST" skipped="0">
  <testcase classname="testCases.TC_03" name="checkDemoPageOpened" time="43.847"/>
  <testcase classname="testCases.TC_03" name="validateForm_Invalid_Detials" time="0.721"/>
</testsuite> <!-- testCases.TC_03 -->
