<?xml version="1.0" encoding="UTF-8"?>
<!-- Generated by org.testng.reporters.JUnitReportReporter -->
<testsuite hostname="LTIN519053" failures="0" tests="4" name="testCases.TC_01" time="247.368" errors="0" timestamp="2024-04-08T15:06:52 IST" skipped="0">
  <testcase classname="testCases.TC_01" name="checkLocations" time="44.153"/>
  <testcase classname="testCases.TC_01" name="checkSpecialist" time="0.283"/>
  <testcase classname="testCases.TC_01" name="checkUrl" time="0.500"/>
  <testcase classname="testCases.TC_01" name="checkDoctorDetials" time="202.432"/>
</testsuite> <!-- testCases.TC_01 -->
