<?xml version="1.0" encoding="UTF-8"?>
<!-- Generated by org.testng.reporters.JUnitReportReporter -->
<testsuite hostname="LTIN519053" failures="0" tests="1" name="testCases.TC_05" time="159.135" errors="0" timestamp="2024-04-08T15:06:52 IST" skipped="0">
  <testcase classname="testCases.TC_05" name="endToEnd" time="159.135"/>
</testsuite> <!-- testCases.TC_05 -->
