<?xml version="1.0" encoding="UTF-8"?>
<!-- Generated by org.testng.reporters.JUnitReportReporter -->
<testsuite hostname="LTIN519053" failures="0" tests="2" name="testCases.TC_02" time="1.375" errors="0" timestamp="2024-04-08T15:06:52 IST" skipped="0">
  <testcase classname="testCases.TC_02" name="checkSurgiersPageOpened" time="0.934"/>
  <testcase classname="testCases.TC_02" name="printSurgeries" time="0.441"/>
</testsuite> <!-- testCases.TC_02 -->
